<?xml version="1.0" encoding="UTF-8"?>
<testsuite xmlns:xsi="http://www.w3.org/2001/XMLSchema-instance" xsi:noNamespaceSchemaLocation="https://maven.apache.org/surefire/maven-surefire-plugin/xsd/surefire-test-report.xsd" name="TestSuite" time="78.418" tests="6" errors="0" skipped="0" failures="0">
  <properties>
[...]
</properties>
  <testcase name="homeButtonLinkTest" classname="com.qa.nytimes.tests.HomePageTest" time="0.065"/>
  <testcase name="homePageTitleTest" classname="com.qa.nytimes.tests.HomePageTest" time="0.033"/>
  <testcase name="validateLanguageTranslationTest" classname="com.qa.nytimes.tests.HomePageTest" time="2.822"/>
  <testcase name="validateSearchFunctionalityTest" classname="com.qa.nytimes.tests.HomePageTest" time="9.885"/>
  <testcase name="validatingFooterTest" classname="com.qa.nytimes.tests.HomePageTest" time="1.215"/>
  <testcase name="validatingUsNewsLinkTest" classname="com.qa.nytimes.tests.HomePageTest" time="9.098"/>
</testsuite>