<?xml version="1.0" encoding="UTF-8"?>
<testng-results ignored="0" total="6" passed="6" failed="0" skipped="0">
  <reporter-output>
  </reporter-output>
  <suite started-at="2024-07-17T15:56:14Z" name="Surefire suite" finished-at="2024-07-17T15:57:32Z" duration-ms="77670">
    <groups>
    </groups>
    <test started-at="2024-07-17T15:56:14Z" name="Surefire test" finished-at="2024-07-17T15:57:32Z" duration-ms="77670">
      <class name="com.qa.nytimes.tests.HomePageTest">
        <test-method is-config="true" signature="setUp()[pri:0, instance:com.qa.nytimes.tests.HomePageTest@7a8c8dcf]" started-at="2024-07-17T15:56:14Z" name="setUp" finished-at="2024-07-17T15:56:26Z" duration-ms="11764" status="PASS">
          <reporter-output>
          </reporter-output>
        </test-method> <!-- setUp -->
        <test-method signature="homeButtonLinkTest()[pri:0, instance:com.qa.nytimes.tests.HomePageTest@7a8c8dcf]" started-at="2024-07-17T15:56:26Z" name="homeButtonLinkTest" finished-at="2024-07-17T15:56:26Z" duration-ms="93" status="PASS">
          <reporter-output>
          </reporter-output>
        </test-method> <!-- homeButtonLinkTest -->
        <test-method is-config="true" signature="tearDown()[pri:0, instance:com.qa.nytimes.tests.HomePageTest@7a8c8dcf]" started-at="2024-07-17T15:56:26Z" name="tearDown" finished-at="2024-07-17T15:56:26Z" duration-ms="493" status="PASS">
          <reporter-output>
          </reporter-output>
        </test-method> <!-- tearDown -->
        <test-method is-config="true" signature="setUp()[pri:0, instance:com.qa.nytimes.tests.HomePageTest@7a8c8dcf]" started-at="2024-07-17T15:56:26Z" name="setUp" finished-at="2024-07-17T15:56:38Z" duration-ms="11668" status="PASS">
          <reporter-output>
          </reporter-output>
        </test-method> <!-- setUp -->
        <test-method signature="homePageTitleTest()[pri:0, instance:com.qa.nytimes.tests.HomePageTest@7a8c8dcf]" started-at="2024-07-17T15:56:38Z" name="homePageTitleTest" finished-at="2024-07-17T15:56:38Z" duration-ms="33" status="PASS">
          <reporter-output>
          </reporter-output>
        </test-method> <!-- homePageTitleTest -->
        <test-method is-config="true" signature="tearDown()[pri:0, instance:com.qa.nytimes.tests.HomePageTest@7a8c8dcf]" started-at="2024-07-17T15:56:38Z" name="tearDown" finished-at="2024-07-17T15:56:39Z" duration-ms="900" status="PASS">
          <reporter-output>
          </reporter-output>
        </test-method> <!-- tearDown -->
        <test-method is-config="true" signature="setUp()[pri:0, instance:com.qa.nytimes.tests.HomePageTest@7a8c8dcf]" started-at="2024-07-17T15:56:39Z" name="setUp" finished-at="2024-07-17T15:56:52Z" duration-ms="12564" status="PASS">
          <reporter-output>
          </reporter-output>
        </test-method> <!-- setUp -->
        <test-method signature="validateLanguageTranslationTest()[pri:0, instance:com.qa.nytimes.tests.HomePageTest@7a8c8dcf]" started-at="2024-07-17T15:56:52Z" name="validateLanguageTranslationTest" finished-at="2024-07-17T15:56:54Z" duration-ms="2823" status="PASS">
          <reporter-output>
          </reporter-output>
        </test-method> <!-- validateLanguageTranslationTest -->
        <test-method is-config="true" signature="tearDown()[pri:0, instance:com.qa.nytimes.tests.HomePageTest@7a8c8dcf]" started-at="2024-07-17T15:56:54Z" name="tearDown" finished-at="2024-07-17T15:56:56Z" duration-ms="1481" status="PASS">
          <reporter-output>
          </reporter-output>
        </test-method> <!-- tearDown -->
        <test-method is-config="true" signature="setUp()[pri:0, instance:com.qa.nytimes.tests.HomePageTest@7a8c8dcf]" started-at="2024-07-17T15:56:56Z" name="setUp" finished-at="2024-07-17T15:56:57Z" duration-ms="1633" status="PASS">
          <reporter-output>
          </reporter-output>
        </test-method> <!-- setUp -->
        <test-method signature="validateSearchFunctionalityTest()[pri:0, instance:com.qa.nytimes.tests.HomePageTest@7a8c8dcf]" started-at="2024-07-17T15:56:57Z" name="validateSearchFunctionalityTest" finished-at="2024-07-17T15:57:07Z" duration-ms="9890" status="PASS">
          <reporter-output>
          </reporter-output>
        </test-method> <!-- validateSearchFunctionalityTest -->
        <test-method is-config="true" signature="tearDown()[pri:0, instance:com.qa.nytimes.tests.HomePageTest@7a8c8dcf]" started-at="2024-07-17T15:57:07Z" name="tearDown" finished-at="2024-07-17T15:57:08Z" duration-ms="589" status="PASS">
          <reporter-output>
          </reporter-output>
        </test-method> <!-- tearDown -->
        <test-method is-config="true" signature="setUp()[pri:0, instance:com.qa.nytimes.tests.HomePageTest@7a8c8dcf]" started-at="2024-07-17T15:57:08Z" name="setUp" finished-at="2024-07-17T15:57:17Z" duration-ms="9485" status="PASS">
          <reporter-output>
          </reporter-output>
        </test-method> <!-- setUp -->
        <test-method signature="validatingFooterTest()[pri:0, instance:com.qa.nytimes.tests.HomePageTest@7a8c8dcf]" started-at="2024-07-17T15:57:17Z" name="validatingFooterTest" finished-at="2024-07-17T15:57:19Z" duration-ms="1216" status="PASS">
          <reporter-output>
          </reporter-output>
        </test-method> <!-- validatingFooterTest -->
        <test-method is-config="true" signature="tearDown()[pri:0, instance:com.qa.nytimes.tests.HomePageTest@7a8c8dcf]" started-at="2024-07-17T15:57:19Z" name="tearDown" finished-at="2024-07-17T15:57:20Z" duration-ms="1173" status="PASS">
          <reporter-output>
          </reporter-output>
        </test-method> <!-- tearDown -->
        <test-method is-config="true" signature="setUp()[pri:0, instance:com.qa.nytimes.tests.HomePageTest@7a8c8dcf]" started-at="2024-07-17T15:57:20Z" name="setUp" finished-at="2024-07-17T15:57:22Z" duration-ms="2100" status="PASS">
          <reporter-output>
          </reporter-output>
        </test-method> <!-- setUp -->
        <test-method signature="validatingUsNewsLinkTest()[pri:0, instance:com.qa.nytimes.tests.HomePageTest@7a8c8dcf]" started-at="2024-07-17T15:57:22Z" name="validatingUsNewsLinkTest" finished-at="2024-07-17T15:57:31Z" duration-ms="9096" status="PASS">
          <reporter-output>
          </reporter-output>
        </test-method> <!-- validatingUsNewsLinkTest -->
        <test-method is-config="true" signature="tearDown()[pri:0, instance:com.qa.nytimes.tests.HomePageTest@7a8c8dcf]" started-at="2024-07-17T15:57:31Z" name="tearDown" finished-at="2024-07-17T15:57:32Z" duration-ms="478" status="PASS">
          <reporter-output>
          </reporter-output>
        </test-method> <!-- tearDown -->
      </class> <!-- com.qa.nytimes.tests.HomePageTest -->
    </test> <!-- Surefire test -->
  </suite> <!-- Surefire suite -->
</testng-results>
