<?xml version="1.0" encoding="UTF-8"?>
<!-- Generated by org.testng.reporters.JUnitXMLReporter -->
<testsuite ignored="0" hostname="IN-PG03525B" failures="0" tests="6" name="Surefire test" time="77.67" errors="0" timestamp="17 Jul 2024 15:57:32 GMT">
  <testcase classname="com.qa.nytimes.tests.HomePageTest" name="homeButtonLinkTest" time="0.093"/>
  <testcase classname="com.qa.nytimes.tests.HomePageTest" name="homePageTitleTest" time="0.033"/>
  <testcase classname="com.qa.nytimes.tests.HomePageTest" name="validateLanguageTranslationTest" time="2.823"/>
  <testcase classname="com.qa.nytimes.tests.HomePageTest" name="validateSearchFunctionalityTest" time="9.89"/>
  <testcase classname="com.qa.nytimes.tests.HomePageTest" name="validatingFooterTest" time="1.216"/>
  <testcase classname="com.qa.nytimes.tests.HomePageTest" name="validatingUsNewsLinkTest" time="9.096"/>
</testsuite> <!-- Surefire test -->
